<?xml version="1.0" encoding="UTF-8"?>
<testsuite name="TestsImportTablekms.TestBasicDistrictDistance" tests="8" skipped="0" failures="0" errors="0" timestamp="2022-01-20T22:56:39" hostname="DESKTOP-HSBC8M0" time="0.101">
  <properties/>
  <testcase name="testAddDistanceBVA01()" classname="TestsImportTablekms.TestBasicDistrictDistance" time="0.002"/>
  <testcase name="testAddDistanceECP01()" classname="TestsImportTablekms.TestBasicDistrictDistance" time="0.004"/>
  <testcase name="testAddDistanceECP02()" classname="TestsImportTablekms.TestBasicDistrictDistance" time="0.003"/>
  <testcase name="testDistrictDistanceBVA01()" classname="TestsImportTablekms.TestBasicDistrictDistance" time="0.007"/>
  <testcase name="testDistrictDistanceECP01()" classname="TestsImportTablekms.TestBasicDistrictDistance" time="0.003"/>
  <testcase name="testGetDistanceBVA01()" classname="TestsImportTablekms.TestBasicDistrictDistance" time="0.015"/>
  <testcase name="testGetDistanceECP01()" classname="TestsImportTablekms.TestBasicDistrictDistance" time="0.004"/>
  <testcase name="testGetDistanceECP02()" classname="TestsImportTablekms.TestBasicDistrictDistance" time="0.017"/>
  <system-out><![CDATA[]]></system-out>
  <system-err><![CDATA[]]></system-err>
</testsuite>
