<?xml version="1.0" encoding="UTF-8"?>
<testsuite name="TestApiUse.TestImportOrders" tests="4" skipped="0" failures="0" errors="0" timestamp="2022-01-20T22:56:38" hostname="DESKTOP-HSBC8M0" time="0.302">
  <properties/>
  <testcase name="testImportOrdersBVA01()" classname="TestApiUse.TestImportOrders" time="0.072"/>
  <testcase name="testImportOrdersBVA02()" classname="TestApiUse.TestImportOrders" time="0.001"/>
  <testcase name="testImportOrdersECP01()" classname="TestApiUse.TestImportOrders" time="0.009"/>
  <testcase name="testImportOrdersECP02()" classname="TestApiUse.TestImportOrders" time="0.218"/>
  <system-out><![CDATA[]]></system-out>
  <system-err><![CDATA[]]></system-err>
</testsuite>
