<?xml version="1.0" encoding="UTF-8"?>
<testsuite name="TestWhiteBox" tests="2" skipped="0" failures="0" errors="0" timestamp="2022-01-20T22:56:40" hostname="DESKTOP-HSBC8M0" time="0.028">
  <properties/>
  <testcase name="testGetDistanceValueFromShippingWhiteBox01()" classname="TestWhiteBox" time="0.002"/>
  <testcase name="testGroupOrdersByTrucksWhiteBox02()" classname="TestWhiteBox" time="0.026"/>
  <system-out><![CDATA[]]></system-out>
  <system-err><![CDATA[]]></system-err>
</testsuite>
