<?xml version="1.0" encoding="UTF-8"?>
<testsuite name="TestsModuleExpedition.TestGroupAllTrucks" tests="2" skipped="0" failures="0" errors="0" timestamp="2022-01-20T22:56:40" hostname="DESKTOP-HSBC8M0" time="0.003">
  <properties/>
  <testcase name="testAddDistrictTrucksBVA01()" classname="TestsModuleExpedition.TestGroupAllTrucks" time="0.002"/>
  <testcase name="testAddDistrictTrucksECP01()" classname="TestsModuleExpedition.TestGroupAllTrucks" time="0.001"/>
  <system-out><![CDATA[]]></system-out>
  <system-err><![CDATA[]]></system-err>
</testsuite>
