<?xml version="1.0" encoding="UTF-8"?>
<testsuite name="TestsImportTablekms.TestImportDistanceTableKM" tests="6" skipped="0" failures="0" errors="0" timestamp="2022-01-20T22:56:39" hostname="DESKTOP-HSBC8M0" time="0.017">
  <properties/>
  <testcase name="testImportOrdersBVA01()" classname="TestsImportTablekms.TestImportDistanceTableKM" time="0.001"/>
  <testcase name="testImportOrdersBVA02()" classname="TestsImportTablekms.TestImportDistanceTableKM" time="0.0"/>
  <testcase name="testImportOrdersECP01()" classname="TestsImportTablekms.TestImportDistanceTableKM" time="0.001"/>
  <testcase name="testImportOrdersECP02()" classname="TestsImportTablekms.TestImportDistanceTableKM" time="0.01"/>
  <testcase name="testImportConfigCapacityBVA01()" classname="TestsImportTablekms.TestImportDistanceTableKM" time="0.001"/>
  <testcase name="testImportConfigCapacityECP01()" classname="TestsImportTablekms.TestImportDistanceTableKM" time="0.001"/>
  <system-out><![CDATA[]]></system-out>
  <system-err><![CDATA[]]></system-err>
</testsuite>
